e:\tetris\mygameclient\debug\vc120.pdb
e:\tetris\mygameclient\debug\vc120.idb
e:\tetris\mygameclient\debug\blockmanager.obj
e:\tetris\mygameclient\debug\animationsprite.obj
e:\tetris\mygameclient\debug\game.obj
e:\tetris\mygameclient\debug\input.obj
e:\tetris\mygameclient\debug\resourcespool.obj
e:\tetris\mygameclient\debug\sprite.obj
e:\tetris\mygameclient\debug\spritesmanager.obj
e:\tetris\mygameclient\debug\xaudio2soundplayer.obj
e:\tetris\mygameclient\debug\main.obj
e:\tetris\mygameclient\debug\tcpclient.obj
e:\tetris\mygameclient\debug\tetris.obj
e:\tetris\mygameclient\debug\tetrisgame.obj
e:\tetris\debug\mygameclient.ilk
e:\tetris\debug\mygameclient.exe
e:\tetris\debug\mygameclient.pdb
e:\tetris\mygameclient\debug\mygameclient.tlog\cl.command.1.tlog
e:\tetris\mygameclient\debug\mygameclient.tlog\cl.read.1.tlog
e:\tetris\mygameclient\debug\mygameclient.tlog\cl.write.1.tlog
e:\tetris\mygameclient\debug\mygameclient.tlog\link.command.1.tlog
e:\tetris\mygameclient\debug\mygameclient.tlog\link.read.1.tlog
e:\tetris\mygameclient\debug\mygameclient.tlog\link.write.1.tlog
