生成启动时间为 2018/12/24 16:02:09。
     1>项目“D:\大三上课件\综合实践\期末\NetGameBianyiBian\NetGameClient\NetGameClient.vcxproj”在节点 2 上(Build 个目标)。
     1>C:\Program Files (x86)\MSBuild\Microsoft.Cpp\v4.0\V120\Microsoft.CppBuild.targets(381,5): warning MSB8028: The intermediate directory (Debug\) contains files shared from another project (MyGameClient.vcxproj).  This can lead to incorrect clean and rebuild behavior.
     1>ClCompile:
         E:\Microsoft Visual Studio 2013\VC\bin\CL.exe /c /ZI /nologo /W3 /WX- /Od /Oy- /D WIN32 /D _DEBUG /D _WINDOWS /D WIN32_LEAN_AND_MEAN /D _UNICODE /D UNICODE /Gm /EHsc /RTC1 /MDd /GS /fp:precise /Zc:wchar_t /Zc:forScope /Fo"Debug\\" /Fd"Debug\vc120.pdb" /Gd /TP /analyze- /errorReport:prompt WasteSortingGame.cpp
         WasteSortingGame.cpp
     1>d:\大三上课件\计算机图形学（d3d）\sdk\include\d2derr.h(59): warning C4005: “D2DERR_WRONG_STATE”: 宏重定义
                 c:\program files (x86)\windows kits\8.1\include\shared\winerror.h(50421) : 参见“D2DERR_WRONG_STATE”的前一个定义
     1>d:\大三上课件\计算机图形学（d3d）\sdk\include\d2derr.h(64): warning C4005: “D2DERR_NOT_INITIALIZED”: 宏重定义
                 c:\program files (x86)\windows kits\8.1\include\shared\winerror.h(50430) : 参见“D2DERR_NOT_INITIALIZED”的前一个定义
     1>d:\大三上课件\计算机图形学（d3d）\sdk\include\d2derr.h(69): warning C4005: “D2DERR_UNSUPPORTED_OPERATION”: 宏重定义
                 c:\program files (x86)\windows kits\8.1\include\shared\winerror.h(50439) : 参见“D2DERR_UNSUPPORTED_OPERATION”的前一个定义
     1>d:\大三上课件\计算机图形学（d3d）\sdk\include\d2derr.h(74): warning C4005: “D2DERR_SCANNER_FAILED”: 宏重定义
                 c:\program files (x86)\windows kits\8.1\include\shared\winerror.h(50448) : 参见“D2DERR_SCANNER_FAILED”的前一个定义
     1>d:\大三上课件\计算机图形学（d3d）\sdk\include\d2derr.h(79): warning C4005: “D2DERR_SCREEN_ACCESS_DENIED”: 宏重定义
                 c:\program files (x86)\windows kits\8.1\include\shared\winerror.h(50457) : 参见“D2DERR_SCREEN_ACCESS_DENIED”的前一个定义
     1>d:\大三上课件\计算机图形学（d3d）\sdk\include\d2derr.h(84): warning C4005: “D2DERR_DISPLAY_STATE_INVALID”: 宏重定义
                 c:\program files (x86)\windows kits\8.1\include\shared\winerror.h(50466) : 参见“D2DERR_DISPLAY_STATE_INVALID”的前一个定义
     1>d:\大三上课件\计算机图形学（d3d）\sdk\include\d2derr.h(89): warning C4005: “D2DERR_ZERO_VECTOR”: 宏重定义
                 c:\program files (x86)\windows kits\8.1\include\shared\winerror.h(50475) : 参见“D2DERR_ZERO_VECTOR”的前一个定义
     1>d:\大三上课件\计算机图形学（d3d）\sdk\include\d2derr.h(97): warning C4005: “D2DERR_INTERNAL_ERROR”: 宏重定义
                 c:\program files (x86)\windows kits\8.1\include\shared\winerror.h(50484) : 参见“D2DERR_INTERNAL_ERROR”的前一个定义
     1>d:\大三上课件\计算机图形学（d3d）\sdk\include\d2derr.h(103): warning C4005: “D2DERR_DISPLAY_FORMAT_NOT_SUPPORTED”: 宏重定义
                 c:\program files (x86)\windows kits\8.1\include\shared\winerror.h(50493) : 参见“D2DERR_DISPLAY_FORMAT_NOT_SUPPORTED”的前一个定义
     1>d:\大三上课件\计算机图形学（d3d）\sdk\include\d2derr.h(108): warning C4005: “D2DERR_INVALID_CALL”: 宏重定义
                 c:\program files (x86)\windows kits\8.1\include\shared\winerror.h(50502) : 参见“D2DERR_INVALID_CALL”的前一个定义
     1>d:\大三上课件\计算机图形学（d3d）\sdk\include\d2derr.h(113): warning C4005: “D2DERR_NO_HARDWARE_DEVICE”: 宏重定义
                 c:\program files (x86)\windows kits\8.1\include\shared\winerror.h(50511) : 参见“D2DERR_NO_HARDWARE_DEVICE”的前一个定义
     1>d:\大三上课件\计算机图形学（d3d）\sdk\include\d2derr.h(119): warning C4005: “D2DERR_RECREATE_TARGET”: 宏重定义
                 c:\program files (x86)\windows kits\8.1\include\shared\winerror.h(50520) : 参见“D2DERR_RECREATE_TARGET”的前一个定义
     1>d:\大三上课件\计算机图形学（d3d）\sdk\include\d2derr.h(124): warning C4005: “D2DERR_TOO_MANY_SHADER_ELEMENTS”: 宏重定义
                 c:\program files (x86)\windows kits\8.1\include\shared\winerror.h(50529) : 参见“D2DERR_TOO_MANY_SHADER_ELEMENTS”的前一个定义
     1>d:\大三上课件\计算机图形学（d3d）\sdk\include\d2derr.h(129): warning C4005: “D2DERR_SHADER_COMPILE_FAILED”: 宏重定义
                 c:\program files (x86)\windows kits\8.1\include\shared\winerror.h(50538) : 参见“D2DERR_SHADER_COMPILE_FAILED”的前一个定义
     1>d:\大三上课件\计算机图形学（d3d）\sdk\include\d2derr.h(134): warning C4005: “D2DERR_MAX_TEXTURE_SIZE_EXCEEDED”: 宏重定义
                 c:\program files (x86)\windows kits\8.1\include\shared\winerror.h(50547) : 参见“D2DERR_MAX_TEXTURE_SIZE_EXCEEDED”的前一个定义
     1>d:\大三上课件\计算机图形学（d3d）\sdk\include\d2derr.h(139): warning C4005: “D2DERR_UNSUPPORTED_VERSION”: 宏重定义
                 c:\program files (x86)\windows kits\8.1\include\shared\winerror.h(50556) : 参见“D2DERR_UNSUPPORTED_VERSION”的前一个定义
     1>d:\大三上课件\计算机图形学（d3d）\sdk\include\d2derr.h(144): warning C4005: “D2DERR_BAD_NUMBER”: 宏重定义
                 c:\program files (x86)\windows kits\8.1\include\shared\winerror.h(50565) : 参见“D2DERR_BAD_NUMBER”的前一个定义
     1>d:\大三上课件\计算机图形学（d3d）\sdk\include\d2derr.h(149): warning C4005: “D2DERR_WRONG_FACTORY”: 宏重定义
                 c:\program files (x86)\windows kits\8.1\include\shared\winerror.h(50574) : 参见“D2DERR_WRONG_FACTORY”的前一个定义
     1>d:\大三上课件\计算机图形学（d3d）\sdk\include\d2derr.h(154): warning C4005: “D2DERR_LAYER_ALREADY_IN_USE”: 宏重定义
                 c:\program files (x86)\windows kits\8.1\include\shared\winerror.h(50583) : 参见“D2DERR_LAYER_ALREADY_IN_USE”的前一个定义
     1>d:\大三上课件\计算机图形学（d3d）\sdk\include\d2derr.h(159): warning C4005: “D2DERR_POP_CALL_DID_NOT_MATCH_PUSH”: 宏重定义
                 c:\program files (x86)\windows kits\8.1\include\shared\winerror.h(50592) : 参见“D2DERR_POP_CALL_DID_NOT_MATCH_PUSH”的前一个定义
     1>d:\大三上课件\计算机图形学（d3d）\sdk\include\d2derr.h(164): warning C4005: “D2DERR_WRONG_RESOURCE_DOMAIN”: 宏重定义
                 c:\program files (x86)\windows kits\8.1\include\shared\winerror.h(50601) : 参见“D2DERR_WRONG_RESOURCE_DOMAIN”的前一个定义
     1>d:\大三上课件\计算机图形学（d3d）\sdk\include\d2derr.h(169): warning C4005: “D2DERR_PUSH_POP_UNBALANCED”: 宏重定义
                 c:\program files (x86)\windows kits\8.1\include\shared\winerror.h(50610) : 参见“D2DERR_PUSH_POP_UNBALANCED”的前一个定义
     1>d:\大三上课件\计算机图形学（d3d）\sdk\include\d2derr.h(174): warning C4005: “D2DERR_RENDER_TARGET_HAS_LAYER_OR_CLIPRECT”: 宏重定义
                 c:\program files (x86)\windows kits\8.1\include\shared\winerror.h(50619) : 参见“D2DERR_RENDER_TARGET_HAS_LAYER_OR_CLIPRECT”的前一个定义
     1>d:\大三上课件\计算机图形学（d3d）\sdk\include\d2derr.h(179): warning C4005: “D2DERR_INCOMPATIBLE_BRUSH_TYPES”: 宏重定义
                 c:\program files (x86)\windows kits\8.1\include\shared\winerror.h(50628) : 参见“D2DERR_INCOMPATIBLE_BRUSH_TYPES”的前一个定义
     1>d:\大三上课件\计算机图形学（d3d）\sdk\include\d2derr.h(184): warning C4005: “D2DERR_WIN32_ERROR”: 宏重定义
                 c:\program files (x86)\windows kits\8.1\include\shared\winerror.h(50637) : 参见“D2DERR_WIN32_ERROR”的前一个定义
     1>d:\大三上课件\计算机图形学（d3d）\sdk\include\d2derr.h(189): warning C4005: “D2DERR_TARGET_NOT_GDI_COMPATIBLE”: 宏重定义
                 c:\program files (x86)\windows kits\8.1\include\shared\winerror.h(50646) : 参见“D2DERR_TARGET_NOT_GDI_COMPATIBLE”的前一个定义
     1>d:\大三上课件\计算机图形学（d3d）\sdk\include\d2derr.h(194): warning C4005: “D2DERR_TEXT_EFFECT_IS_WRONG_TYPE”: 宏重定义
                 c:\program files (x86)\windows kits\8.1\include\shared\winerror.h(50655) : 参见“D2DERR_TEXT_EFFECT_IS_WRONG_TYPE”的前一个定义
     1>d:\大三上课件\计算机图形学（d3d）\sdk\include\d2derr.h(201): warning C4005: “D2DERR_TEXT_RENDERER_NOT_RELEASED”: 宏重定义
                 c:\program files (x86)\windows kits\8.1\include\shared\winerror.h(50664) : 参见“D2DERR_TEXT_RENDERER_NOT_RELEASED”的前一个定义
     1>d:\大三上课件\计算机图形学（d3d）\sdk\include\d2derr.h(206): warning C4005: “D2DERR_EXCEEDS_MAX_BITMAP_SIZE”: 宏重定义
                 c:\program files (x86)\windows kits\8.1\include\shared\winerror.h(50673) : 参见“D2DERR_EXCEEDS_MAX_BITMAP_SIZE”的前一个定义
     1>d:\大三上课件\计算机图形学（d3d）\sdk\include\dxgitype.h(12): warning C4005: “DXGI_STATUS_OCCLUDED”: 宏重定义
                 c:\program files (x86)\windows kits\8.1\include\shared\winerror.h(50002) : 参见“DXGI_STATUS_OCCLUDED”的前一个定义
     1>d:\大三上课件\计算机图形学（d3d）\sdk\include\dxgitype.h(13): warning C4005: “DXGI_STATUS_CLIPPED”: 宏重定义
                 c:\program files (x86)\windows kits\8.1\include\shared\winerror.h(50011) : 参见“DXGI_STATUS_CLIPPED”的前一个定义
     1>d:\大三上课件\计算机图形学（d3d）\sdk\include\dxgitype.h(14): warning C4005: “DXGI_STATUS_NO_REDIRECTION”: 宏重定义
                 c:\program files (x86)\windows kits\8.1\include\shared\winerror.h(50020) : 参见“DXGI_STATUS_NO_REDIRECTION”的前一个定义
     1>d:\大三上课件\计算机图形学（d3d）\sdk\include\dxgitype.h(15): warning C4005: “DXGI_STATUS_NO_DESKTOP_ACCESS”: 宏重定义
                 c:\program files (x86)\windows kits\8.1\include\shared\winerror.h(50029) : 参见“DXGI_STATUS_NO_DESKTOP_ACCESS”的前一个定义
     1>d:\大三上课件\计算机图形学（d3d）\sdk\include\dxgitype.h(16): warning C4005: “DXGI_STATUS_GRAPHICS_VIDPN_SOURCE_IN_USE”: 宏重定义
                 c:\program files (x86)\windows kits\8.1\include\shared\winerror.h(50038) : 参见“DXGI_STATUS_GRAPHICS_VIDPN_SOURCE_IN_USE”的前一个定义
     1>d:\大三上课件\计算机图形学（d3d）\sdk\include\dxgitype.h(17): warning C4005: “DXGI_STATUS_MODE_CHANGED”: 宏重定义
                 c:\program files (x86)\windows kits\8.1\include\shared\winerror.h(50047) : 参见“DXGI_STATUS_MODE_CHANGED”的前一个定义
     1>d:\大三上课件\计算机图形学（d3d）\sdk\include\dxgitype.h(18): warning C4005: “DXGI_STATUS_MODE_CHANGE_IN_PROGRESS”: 宏重定义
                 c:\program files (x86)\windows kits\8.1\include\shared\winerror.h(50056) : 参见“DXGI_STATUS_MODE_CHANGE_IN_PROGRESS”的前一个定义
     1>d:\大三上课件\计算机图形学（d3d）\sdk\include\dxgitype.h(21): warning C4005: “DXGI_ERROR_INVALID_CALL”: 宏重定义
                 c:\program files (x86)\windows kits\8.1\include\shared\winerror.h(50071) : 参见“DXGI_ERROR_INVALID_CALL”的前一个定义
     1>d:\大三上课件\计算机图形学（d3d）\sdk\include\dxgitype.h(22): warning C4005: “DXGI_ERROR_NOT_FOUND”: 宏重定义
                 c:\program files (x86)\windows kits\8.1\include\shared\winerror.h(50080) : 参见“DXGI_ERROR_NOT_FOUND”的前一个定义
     1>d:\大三上课件\计算机图形学（d3d）\sdk\include\dxgitype.h(23): warning C4005: “DXGI_ERROR_MORE_DATA”: 宏重定义
                 c:\program files (x86)\windows kits\8.1\include\shared\winerror.h(50089) : 参见“DXGI_ERROR_MORE_DATA”的前一个定义
     1>d:\大三上课件\计算机图形学（d3d）\sdk\include\dxgitype.h(24): warning C4005: “DXGI_ERROR_UNSUPPORTED”: 宏重定义
                 c:\program files (x86)\windows kits\8.1\include\shared\winerror.h(50098) : 参见“DXGI_ERROR_UNSUPPORTED”的前一个定义
     1>d:\大三上课件\计算机图形学（d3d）\sdk\include\dxgitype.h(25): warning C4005: “DXGI_ERROR_DEVICE_REMOVED”: 宏重定义
                 c:\program files (x86)\windows kits\8.1\include\shared\winerror.h(50107) : 参见“DXGI_ERROR_DEVICE_REMOVED”的前一个定义
     1>d:\大三上课件\计算机图形学（d3d）\sdk\include\dxgitype.h(26): warning C4005: “DXGI_ERROR_DEVICE_HUNG”: 宏重定义
                 c:\program files (x86)\windows kits\8.1\include\shared\winerror.h(50116) : 参见“DXGI_ERROR_DEVICE_HUNG”的前一个定义
     1>d:\大三上课件\计算机图形学（d3d）\sdk\include\dxgitype.h(27): warning C4005: “DXGI_ERROR_DEVICE_RESET”: 宏重定义
                 c:\program files (x86)\windows kits\8.1\include\shared\winerror.h(50126) : 参见“DXGI_ERROR_DEVICE_RESET”的前一个定义
     1>d:\大三上课件\计算机图形学（d3d）\sdk\include\dxgitype.h(28): warning C4005: “DXGI_ERROR_WAS_STILL_DRAWING”: 宏重定义
                 c:\program files (x86)\windows kits\8.1\include\shared\winerror.h(50135) : 参见“DXGI_ERROR_WAS_STILL_DRAWING”的前一个定义
     1>d:\大三上课件\计算机图形学（d3d）\sdk\include\dxgitype.h(29): warning C4005: “DXGI_ERROR_FRAME_STATISTICS_DISJOINT”: 宏重定义
                 c:\program files (x86)\windows kits\8.1\include\shared\winerror.h(50145) : 参见“DXGI_ERROR_FRAME_STATISTICS_DISJOINT”的前一个定义
     1>d:\大三上课件\计算机图形学（d3d）\sdk\include\dxgitype.h(30): warning C4005: “DXGI_ERROR_GRAPHICS_VIDPN_SOURCE_IN_USE”: 宏重定义
                 c:\program files (x86)\windows kits\8.1\include\shared\winerror.h(50154) : 参见“DXGI_ERROR_GRAPHICS_VIDPN_SOURCE_IN_USE”的前一个定义
     1>d:\大三上课件\计算机图形学（d3d）\sdk\include\dxgitype.h(31): warning C4005: “DXGI_ERROR_DRIVER_INTERNAL_ERROR”: 宏重定义
                 c:\program files (x86)\windows kits\8.1\include\shared\winerror.h(50164) : 参见“DXGI_ERROR_DRIVER_INTERNAL_ERROR”的前一个定义
     1>d:\大三上课件\计算机图形学（d3d）\sdk\include\dxgitype.h(32): warning C4005: “DXGI_ERROR_NONEXCLUSIVE”: 宏重定义
                 c:\program files (x86)\windows kits\8.1\include\shared\winerror.h(50173) : 参见“DXGI_ERROR_NONEXCLUSIVE”的前一个定义
     1>d:\大三上课件\计算机图形学（d3d）\sdk\include\dxgitype.h(33): warning C4005: “DXGI_ERROR_NOT_CURRENTLY_AVAILABLE”: 宏重定义
                 c:\program files (x86)\windows kits\8.1\include\shared\winerror.h(50182) : 参见“DXGI_ERROR_NOT_CURRENTLY_AVAILABLE”的前一个定义
     1>d:\大三上课件\计算机图形学（d3d）\sdk\include\dxgitype.h(34): warning C4005: “DXGI_ERROR_REMOTE_CLIENT_DISCONNECTED”: 宏重定义
                 c:\program files (x86)\windows kits\8.1\include\shared\winerror.h(50192) : 参见“DXGI_ERROR_REMOTE_CLIENT_DISCONNECTED”的前一个定义
     1>d:\大三上课件\计算机图形学（d3d）\sdk\include\dxgitype.h(35): warning C4005: “DXGI_ERROR_REMOTE_OUTOFMEMORY”: 宏重定义
                 c:\program files (x86)\windows kits\8.1\include\shared\winerror.h(50201) : 参见“DXGI_ERROR_REMOTE_OUTOFMEMORY”的前一个定义
     1>d:\大三上课件\计算机图形学（d3d）\sdk\include\d3d10.h(608): warning C4005: “D3D10_ERROR_TOO_MANY_UNIQUE_STATE_OBJECTS”: 宏重定义
                 c:\program files (x86)\windows kits\8.1\include\shared\winerror.h(50355) : 参见“D3D10_ERROR_TOO_MANY_UNIQUE_STATE_OBJECTS”的前一个定义
     1>d:\大三上课件\计算机图形学（d3d）\sdk\include\d3d10.h(609): warning C4005: “D3D10_ERROR_FILE_NOT_FOUND”: 宏重定义
                 c:\program files (x86)\windows kits\8.1\include\shared\winerror.h(50364) : 参见“D3D10_ERROR_FILE_NOT_FOUND”的前一个定义
     1>d:\大三上课件\计算机图形学（d3d）\sdk\include\dwrite.h(4962): warning C4005: “DWRITE_E_FILEFORMAT”: 宏重定义
                 c:\program files (x86)\windows kits\8.1\include\shared\winerror.h(50831) : 参见“DWRITE_E_FILEFORMAT”的前一个定义
     1>d:\大三上课件\计算机图形学（d3d）\sdk\include\dwrite.h(4967): warning C4005: “DWRITE_E_UNEXPECTED”: 宏重定义
                 c:\program files (x86)\windows kits\8.1\include\shared\winerror.h(50840) : 参见“DWRITE_E_UNEXPECTED”的前一个定义
     1>d:\大三上课件\计算机图形学（d3d）\sdk\include\dwrite.h(4972): warning C4005: “DWRITE_E_NOFONT”: 宏重定义
                 c:\program files (x86)\windows kits\8.1\include\shared\winerror.h(50849) : 参见“DWRITE_E_NOFONT”的前一个定义
     1>d:\大三上课件\计算机图形学（d3d）\sdk\include\dwrite.h(4978): warning C4005: “DWRITE_E_FILENOTFOUND”: 宏重定义
                 c:\program files (x86)\windows kits\8.1\include\shared\winerror.h(50858) : 参见“DWRITE_E_FILENOTFOUND”的前一个定义
     1>d:\大三上课件\计算机图形学（d3d）\sdk\include\dwrite.h(4983): warning C4005: “DWRITE_E_FILEACCESS”: 宏重定义
                 c:\program files (x86)\windows kits\8.1\include\shared\winerror.h(50867) : 参见“DWRITE_E_FILEACCESS”的前一个定义
     1>d:\大三上课件\计算机图形学（d3d）\sdk\include\dwrite.h(4988): warning C4005: “DWRITE_E_FONTCOLLECTIONOBSOLETE”: 宏重定义
                 c:\program files (x86)\windows kits\8.1\include\shared\winerror.h(50876) : 参见“DWRITE_E_FONTCOLLECTIONOBSOLETE”的前一个定义
     1>d:\大三上课件\计算机图形学（d3d）\sdk\include\dwrite.h(4993): warning C4005: “DWRITE_E_ALREADYREGISTERED”: 宏重定义
                 c:\program files (x86)\windows kits\8.1\include\shared\winerror.h(50885) : 参见“DWRITE_E_ALREADYREGISTERED”的前一个定义
     1>d:\大三上课件\综合实践\期末\netgamebianyibian\netgameclient\wastesortinggame.h(45): warning C4996: 'wcscpy': This function or variable may be unsafe. Consider using wcscpy_s instead. To disable deprecation, use _CRT_SECURE_NO_WARNINGS. See online help for details.
                 e:\microsoft visual studio 2013\vc\include\string.h(294) : 参见“wcscpy”的声明
     1>d:\大三上课件\综合实践\期末\netgamebianyibian\netgameclient\wastesortinggame.cpp(7): warning C4244: “参数”: 从“time_t”转换到“unsigned int”，可能丢失数据
     1>d:\大三上课件\综合实践\期末\netgamebianyibian\netgameclient\wastesortinggame.cpp(254): warning C4996: 'wcscat': This function or variable may be unsafe. Consider using wcscat_s instead. To disable deprecation, use _CRT_SECURE_NO_WARNINGS. See online help for details.
                 e:\microsoft visual studio 2013\vc\include\string.h(284) : 参见“wcscat”的声明
     1>d:\大三上课件\综合实践\期末\netgamebianyibian\netgameclient\wastesortinggame.cpp(375): warning C4996: 'wcscpy': This function or variable may be unsafe. Consider using wcscpy_s instead. To disable deprecation, use _CRT_SECURE_NO_WARNINGS. See online help for details.
                 e:\microsoft visual studio 2013\vc\include\string.h(294) : 参见“wcscpy”的声明
     1>d:\大三上课件\综合实践\期末\netgamebianyibian\netgameclient\wastesortinggame.cpp(376): warning C4996: 'wcscpy': This function or variable may be unsafe. Consider using wcscpy_s instead. To disable deprecation, use _CRT_SECURE_NO_WARNINGS. See online help for details.
                 e:\microsoft visual studio 2013\vc\include\string.h(294) : 参见“wcscpy”的声明
     1>d:\大三上课件\综合实践\期末\netgamebianyibian\netgameclient\wastesortinggame.cpp(380): warning C4996: 'wcscpy': This function or variable may be unsafe. Consider using wcscpy_s instead. To disable deprecation, use _CRT_SECURE_NO_WARNINGS. See online help for details.
                 e:\microsoft visual studio 2013\vc\include\string.h(294) : 参见“wcscpy”的声明
     1>d:\大三上课件\综合实践\期末\netgamebianyibian\netgameclient\wastesortinggame.cpp(381): warning C4996: 'wcscpy': This function or variable may be unsafe. Consider using wcscpy_s instead. To disable deprecation, use _CRT_SECURE_NO_WARNINGS. See online help for details.
                 e:\microsoft visual studio 2013\vc\include\string.h(294) : 参见“wcscpy”的声明
     1>d:\大三上课件\综合实践\期末\netgamebianyibian\netgameclient\wastesortinggame.cpp(471): warning C4305: “+=”: 从“double”到“float”截断
     1>d:\大三上课件\综合实践\期末\netgamebianyibian\netgameclient\wastesortinggame.cpp(475): warning C4305: “=”: 从“double”到“float”截断
     1>d:\大三上课件\综合实践\期末\netgamebianyibian\netgameclient\wastesortinggame.cpp(479): warning C4305: “+=”: 从“double”到“float”截断
     1>d:\大三上课件\综合实践\期末\netgamebianyibian\netgameclient\wastesortinggame.cpp(482): warning C4305: “+=”: 从“double”到“float”截断
     1>d:\大三上课件\综合实践\期末\netgamebianyibian\netgameclient\wastesortinggame.cpp(486): warning C4305: “+=”: 从“double”到“float”截断
       Link:
         E:\Microsoft Visual Studio 2013\VC\bin\link.exe /ERRORREPORT:PROMPT /OUT:"D:\大三上课件\综合实践\期末\NetGameBianyiBian\Debug\NetGameClient.exe" /INCREMENTAL /NOLOGO d2d1.lib dwrite.lib windowscodecs.lib winmm.lib dinput8.lib dxguid.lib kernel32.lib user32.lib gdi32.lib winspool.lib comdlg32.lib advapi32.lib shell32.lib ole32.lib oleaut32.lib uuid.lib odbc32.lib odbccp32.lib /MANIFEST /MANIFESTUAC:"level='asInvoker' uiAccess='false'" /manifest:embed /DEBUG /PDB:"D:\大三上课件\综合实践\期末\NetGameBianyiBian\Debug\NetGameClient.pdb" /SUBSYSTEM:WINDOWS /TLBID:1 /DYNAMICBASE:NO /IMPLIB:"D:\大三上课件\综合实践\期末\NetGameBianyiBian\Debug\NetGameClient.lib" /MACHINE:X86 /SAFESEH Debug\AnimationSprite.obj
         Debug\Game.obj
         Debug\Input.obj
         Debug\ResourcesPool.obj
         Debug\Sprite.obj
         Debug\SpriteButton.obj
         Debug\SpritesManager.obj
         Debug\TextSprite.obj
         Debug\TextSpriteManager.obj
         Debug\XAudio2SoundPlayer.obj
         Debug\GlobalData.obj
         Debug\LoginUI.obj
         Debug\main.obj
         Debug\RankingList.obj
         Debug\StartUI.obj
         Debug\TCPClient.obj
         Debug\Tetris.obj
         Debug\WasteSortingGame.obj
         NetGameClient.vcxproj -> D:\大三上课件\综合实践\期末\NetGameBianyiBian\Debug\NetGameClient.exe
     1>已完成生成项目“D:\大三上课件\综合实践\期末\NetGameBianyiBian\NetGameClient\NetGameClient.vcxproj”(Build 个目标)的操作。

生成成功。

已用时间 00:00:00.98
