c:\users\administrator\desktop\netgametetris000\netgametetris000\netgametetris\netgameclient\debug\blockmanager.obj
c:\users\administrator\desktop\netgametetris000\netgametetris000\netgametetris\netgameclient\debug\animationsprite.obj
c:\users\administrator\desktop\netgametetris000\netgametetris000\netgametetris\netgameclient\debug\game.obj
c:\users\administrator\desktop\netgametetris000\netgametetris000\netgametetris\netgameclient\debug\input.obj
c:\users\administrator\desktop\netgametetris000\netgametetris000\netgametetris\netgameclient\debug\resourcespool.obj
c:\users\administrator\desktop\netgametetris000\netgametetris000\netgametetris\netgameclient\debug\sprite.obj
c:\users\administrator\desktop\netgametetris000\netgametetris000\netgametetris\netgameclient\debug\spritebutton.obj
c:\users\administrator\desktop\netgametetris000\netgametetris000\netgametetris\netgameclient\debug\spritesmanager.obj
c:\users\administrator\desktop\netgametetris000\netgametetris000\netgametetris\netgameclient\debug\textsprite.obj
c:\users\administrator\desktop\netgametetris000\netgametetris000\netgametetris\netgameclient\debug\textspritemanager.obj
c:\users\administrator\desktop\netgametetris000\netgametetris000\netgametetris\netgameclient\debug\globaldata.obj
c:\users\administrator\desktop\netgametetris000\netgametetris000\netgametetris\netgameclient\debug\loginui.obj
c:\users\administrator\desktop\netgametetris000\netgametetris000\netgametetris\netgameclient\debug\main.obj
c:\users\administrator\desktop\netgametetris000\netgametetris000\netgametetris\netgameclient\debug\rankinglist.obj
c:\users\administrator\desktop\netgametetris000\netgametetris000\netgametetris\netgameclient\debug\startui.obj
c:\users\administrator\desktop\netgametetris000\netgametetris000\netgametetris\netgameclient\debug\tcpclient.obj
c:\users\administrator\desktop\netgametetris000\netgametetris000\netgametetris\netgameclient\debug\tetris.obj
c:\users\administrator\desktop\netgametetris000\netgametetris000\netgametetris\netgameclient\debug\wastesortinggame.obj
c:\users\administrator\desktop\netgametetris000\netgametetris000\netgametetris\netgameclient\debug\vc110.pdb
c:\users\administrator\desktop\zh\netgametetris\netgameclient\debug\blockmanager.obj
c:\users\administrator\desktop\zh\netgametetris\netgameclient\debug\animationsprite.obj
c:\users\administrator\desktop\zh\netgametetris\netgameclient\debug\game.obj
c:\users\administrator\desktop\zh\netgametetris\netgameclient\debug\input.obj
c:\users\administrator\desktop\zh\netgametetris\netgameclient\debug\resourcespool.obj
c:\users\administrator\desktop\zh\netgametetris\netgameclient\debug\sprite.obj
c:\users\administrator\desktop\zh\netgametetris\netgameclient\debug\spritebutton.obj
c:\users\administrator\desktop\zh\netgametetris\netgameclient\debug\spritesmanager.obj
c:\users\administrator\desktop\zh\netgametetris\netgameclient\debug\textsprite.obj
c:\users\administrator\desktop\zh\netgametetris\netgameclient\debug\textspritemanager.obj
c:\users\administrator\desktop\zh\netgametetris\netgameclient\debug\globaldata.obj
c:\users\administrator\desktop\zh\netgametetris\netgameclient\debug\loginui.obj
c:\users\administrator\desktop\zh\netgametetris\netgameclient\debug\main.obj
c:\users\administrator\desktop\zh\netgametetris\netgameclient\debug\rankinglist.obj
c:\users\administrator\desktop\zh\netgametetris\netgameclient\debug\startui.obj
c:\users\administrator\desktop\zh\netgametetris\netgameclient\debug\tcpclient.obj
c:\users\administrator\desktop\zh\netgametetris\netgameclient\debug\tetris.obj
c:\users\administrator\desktop\zh\netgametetris\netgameclient\debug\wastesortinggame.obj
c:\users\administrator\desktop\zh\netgametetris\netgameclient\debug\vc110.pdb
c:\users\administrator\desktop\netgametetris000\netgametetris000\netgametetris\debug\netgameclient.ilk
c:\users\administrator\desktop\netgametetris000\netgametetris000\netgametetris\debug\netgameclient.exe
c:\users\administrator\desktop\netgametetris000\netgametetris000\netgametetris\debug\netgameclient.pdb
c:\users\administrator\desktop\zh\netgametetris\debug\netgameclient.ilk
c:\users\administrator\desktop\zh\netgametetris\debug\netgameclient.exe
c:\users\administrator\desktop\zh\netgametetris\debug\netgameclient.pdb
c:\users\dell\desktop\netgametetris000\netgametetris000\netgametetris\netgameclient\debug\vc120.pdb
c:\users\dell\desktop\netgametetris000\netgametetris000\netgametetris\netgameclient\debug\vc120.idb
c:\users\dell\desktop\netgametetris000\netgametetris000\netgametetris\netgameclient\debug\blockmanager.obj
c:\users\dell\desktop\netgametetris000\netgametetris000\netgametetris\netgameclient\debug\animationsprite.obj
c:\users\dell\desktop\netgametetris000\netgametetris000\netgametetris\netgameclient\debug\game.obj
c:\users\dell\desktop\netgametetris000\netgametetris000\netgametetris\netgameclient\debug\input.obj
c:\users\dell\desktop\netgametetris000\netgametetris000\netgametetris\netgameclient\debug\resourcespool.obj
c:\users\dell\desktop\netgametetris000\netgametetris000\netgametetris\netgameclient\debug\sprite.obj
c:\users\dell\desktop\netgametetris000\netgametetris000\netgametetris\netgameclient\debug\spritebutton.obj
c:\users\dell\desktop\netgametetris000\netgametetris000\netgametetris\netgameclient\debug\spritesmanager.obj
c:\users\dell\desktop\netgametetris000\netgametetris000\netgametetris\netgameclient\debug\textsprite.obj
c:\users\dell\desktop\netgametetris000\netgametetris000\netgametetris\netgameclient\debug\textspritemanager.obj
c:\users\dell\desktop\netgametetris000\netgametetris000\netgametetris\netgameclient\debug\globaldata.obj
c:\users\dell\desktop\netgametetris000\netgametetris000\netgametetris\netgameclient\debug\loginui.obj
c:\users\dell\desktop\netgametetris000\netgametetris000\netgametetris\netgameclient\debug\main.obj
c:\users\dell\desktop\netgametetris000\netgametetris000\netgametetris\netgameclient\debug\rankinglist.obj
c:\users\dell\desktop\netgametetris000\netgametetris000\netgametetris\netgameclient\debug\startui.obj
c:\users\dell\desktop\netgametetris000\netgametetris000\netgametetris\netgameclient\debug\tcpclient.obj
c:\users\dell\desktop\netgametetris000\netgametetris000\netgametetris\netgameclient\debug\tetris.obj
c:\users\dell\desktop\netgametetris000\netgametetris000\netgametetris\netgameclient\debug\wastesortinggame.obj
c:\users\dell\desktop\netgametetris000\netgametetris000\netgametetris\debug\netgameclient.ilk
c:\users\dell\desktop\netgametetris000\netgametetris000\netgametetris\debug\netgameclient.exe
c:\users\dell\desktop\netgametetris000\netgametetris000\netgametetris\debug\netgameclient.pdb
c:\users\dell\desktop\netgametetris1.0\netgametetris\netgameclient\debug\animationsprite.obj
c:\users\dell\desktop\netgametetris1.0\netgametetris\netgameclient\debug\blockmanager.obj
c:\users\dell\desktop\netgametetris1.0\netgametetris\netgameclient\debug\game.obj
c:\users\dell\desktop\netgametetris1.0\netgametetris\netgameclient\debug\globaldata.obj
c:\users\dell\desktop\netgametetris1.0\netgametetris\netgameclient\debug\input.obj
c:\users\dell\desktop\netgametetris1.0\netgametetris\netgameclient\debug\loginui.obj
c:\users\dell\desktop\netgametetris1.0\netgametetris\netgameclient\debug\main.obj
c:\users\dell\desktop\netgametetris1.0\netgametetris\netgameclient\debug\rankinglist.obj
c:\users\dell\desktop\netgametetris1.0\netgametetris\netgameclient\debug\resourcespool.obj
c:\users\dell\desktop\netgametetris1.0\netgametetris\netgameclient\debug\sprite.obj
c:\users\dell\desktop\netgametetris1.0\netgametetris\netgameclient\debug\spritebutton.obj
c:\users\dell\desktop\netgametetris1.0\netgametetris\netgameclient\debug\spritesmanager.obj
c:\users\dell\desktop\netgametetris1.0\netgametetris\netgameclient\debug\startui.obj
c:\users\dell\desktop\netgametetris1.0\netgametetris\netgameclient\debug\tcpclient.obj
c:\users\dell\desktop\netgametetris1.0\netgametetris\netgameclient\debug\tetris.obj
c:\users\dell\desktop\netgametetris1.0\netgametetris\netgameclient\debug\textsprite.obj
c:\users\dell\desktop\netgametetris1.0\netgametetris\netgameclient\debug\textspritemanager.obj
c:\users\dell\desktop\netgametetris1.0\netgametetris\netgameclient\debug\wastesortinggame.obj
c:\users\dell\desktop\netgametetris1.0\netgametetris\netgameclient\debug\cl.command.1.tlog
c:\users\dell\desktop\netgametetris1.0\netgametetris\netgameclient\debug\cl.read.1.tlog
c:\users\dell\desktop\netgametetris1.0\netgametetris\netgameclient\debug\cl.write.1.tlog
c:\users\dell\desktop\netgametetris1.0\netgametetris\netgameclient\debug\link-cvtres.read.1.tlog
c:\users\dell\desktop\netgametetris1.0\netgametetris\netgameclient\debug\link-cvtres.write.1.tlog
c:\users\dell\desktop\netgametetris1.0\netgametetris\netgameclient\debug\link-rc.read.1.tlog
c:\users\dell\desktop\netgametetris1.0\netgametetris\netgameclient\debug\link-rc.write.1.tlog
c:\users\dell\desktop\netgametetris1.0\netgametetris\netgameclient\debug\link.10104-cvtres.read.1.tlog
c:\users\dell\desktop\netgametetris1.0\netgametetris\netgameclient\debug\link.10104-cvtres.write.1.tlog
c:\users\dell\desktop\netgametetris1.0\netgametetris\netgameclient\debug\link.10104-rc.read.1.tlog
c:\users\dell\desktop\netgametetris1.0\netgametetris\netgameclient\debug\link.10104-rc.write.1.tlog
c:\users\dell\desktop\netgametetris1.0\netgametetris\netgameclient\debug\link.10104.read.1.tlog
c:\users\dell\desktop\netgametetris1.0\netgametetris\netgameclient\debug\link.10104.write.1.tlog
c:\users\dell\desktop\netgametetris1.0\netgametetris\netgameclient\debug\link.8964-cvtres.read.1.tlog
c:\users\dell\desktop\netgametetris1.0\netgametetris\netgameclient\debug\link.8964-cvtres.write.1.tlog
c:\users\dell\desktop\netgametetris1.0\netgametetris\netgameclient\debug\link.8964-rc.read.1.tlog
c:\users\dell\desktop\netgametetris1.0\netgametetris\netgameclient\debug\link.8964-rc.write.1.tlog
c:\users\dell\desktop\netgametetris1.0\netgametetris\netgameclient\debug\link.8964.read.1.tlog
c:\users\dell\desktop\netgametetris1.0\netgametetris\netgameclient\debug\link.8964.write.1.tlog
c:\users\dell\desktop\netgametetris1.0\netgametetris\netgameclient\debug\link.command.1.tlog
c:\users\dell\desktop\netgametetris1.0\netgametetris\netgameclient\debug\link.read.1.tlog
c:\users\dell\desktop\netgametetris1.0\netgametetris\netgameclient\debug\link.write.1.tlog
c:\users\dell\desktop\netgametetris1.0\netgametetris\netgameclient\debug\vc110.idb
c:\users\dell\desktop\netgametetris1.0\netgametetris\netgameclient\debug\vc120.idb
c:\users\dell\desktop\netgametetris1.0\netgametetris\netgameclient\debug\vc110.pdb
c:\users\dell\desktop\netgametetris1.0\netgametetris\netgameclient\debug\vc120.pdb
c:\users\dell\desktop\netgametetris1.0\netgametetris\debug\netgameclient.pdb
c:\users\dell\desktop\netgametetris1.0\netgametetris\debug\netgameclient.exe
c:\users\dell\desktop\netgametetris1.0\netgametetris\debug\netgameclient.ilk
c:\users\dell\desktop\netgametetris1.0\netgametetris\netgameclient\debug\netgameclient.tlog\cl.command.1.tlog
c:\users\dell\desktop\netgametetris1.0\netgametetris\netgameclient\debug\netgameclient.tlog\cl.read.1.tlog
c:\users\dell\desktop\netgametetris1.0\netgametetris\netgameclient\debug\netgameclient.tlog\cl.write.1.tlog
c:\users\dell\desktop\netgametetris1.0\netgametetris\netgameclient\debug\netgameclient.tlog\link.command.1.tlog
c:\users\dell\desktop\netgametetris1.0\netgametetris\netgameclient\debug\netgameclient.tlog\link.read.1.tlog
c:\users\dell\desktop\netgametetris1.0\netgametetris\netgameclient\debug\netgameclient.tlog\link.write.1.tlog
