C:\USERS\ADMINISTRATOR\DESKTOP\NETGAMETETRIS000\NETGAMETETRIS000\NETGAMETETRIS\SERVER\DEBUG\GAME.OBJ
C:\USERS\ADMINISTRATOR\DESKTOP\NETGAMETETRIS000\NETGAMETETRIS000\NETGAMETETRIS\SERVER\DEBUG\TCPSERVER.OBJ
C:\USERS\ADMINISTRATOR\DESKTOP\NETGAMETETRIS000\NETGAMETETRIS000\NETGAMETETRIS\SERVER\DEBUG\WINMAIN.OBJ
C:\USERS\ADMINISTRATOR\DESKTOP\NETGAMETETRIS000\NETGAMETETRIS000\NETGAMETETRIS\SERVER\DEBUG\VC110.PDB
C:\USERS\ADMINISTRATOR\DESKTOP\NETGAMETETRIS000\NETGAMETETRIS000\NETGAMETETRIS\DEBUG\SERVER.ILK
C:\USERS\ADMINISTRATOR\DESKTOP\NETGAMETETRIS000\NETGAMETETRIS000\NETGAMETETRIS\DEBUG\SERVER.EXE
C:\USERS\ADMINISTRATOR\DESKTOP\NETGAMETETRIS000\NETGAMETETRIS000\NETGAMETETRIS\DEBUG\SERVER.PDB
C:\Users\Administrator\Desktop\NetGameTetris000\NetGameTetris000\NetGameTetris\Server\Debug\Game.obj
C:\Users\Administrator\Desktop\NetGameTetris000\NetGameTetris000\NetGameTetris\Server\Debug\TCPServer.obj
C:\Users\Administrator\Desktop\NetGameTetris000\NetGameTetris000\NetGameTetris\Server\Debug\WinMain.obj
C:\Users\Administrator\Desktop\NetGameTetris000\NetGameTetris000\NetGameTetris\Server\Debug\cl.command.1.tlog
C:\Users\Administrator\Desktop\NetGameTetris000\NetGameTetris000\NetGameTetris\Server\Debug\CL.read.1.tlog
C:\Users\Administrator\Desktop\NetGameTetris000\NetGameTetris000\NetGameTetris\Server\Debug\CL.write.1.tlog
C:\Users\Administrator\Desktop\NetGameTetris000\NetGameTetris000\NetGameTetris\Server\Debug\link-cvtres.read.1.tlog
C:\Users\Administrator\Desktop\NetGameTetris000\NetGameTetris000\NetGameTetris\Server\Debug\link-cvtres.write.1.tlog
C:\Users\Administrator\Desktop\NetGameTetris000\NetGameTetris000\NetGameTetris\Server\Debug\link-rc.read.1.tlog
C:\Users\Administrator\Desktop\NetGameTetris000\NetGameTetris000\NetGameTetris\Server\Debug\link-rc.write.1.tlog
C:\Users\Administrator\Desktop\NetGameTetris000\NetGameTetris000\NetGameTetris\Server\Debug\link.command.1.tlog
C:\Users\Administrator\Desktop\NetGameTetris000\NetGameTetris000\NetGameTetris\Server\Debug\link.read.1.tlog
C:\Users\Administrator\Desktop\NetGameTetris000\NetGameTetris000\NetGameTetris\Server\Debug\link.write.1.tlog
C:\Users\Administrator\Desktop\NetGameTetris000\NetGameTetris000\NetGameTetris\Server\Debug\vc110.idb
C:\Users\Administrator\Desktop\NetGameTetris000\NetGameTetris000\NetGameTetris\Server\Debug\vc110.pdb
C:\Users\Administrator\Desktop\NetGameTetris000\NetGameTetris000\NetGameTetris\Debug\Server.pdb
C:\Users\Administrator\Desktop\NetGameTetris000\NetGameTetris000\NetGameTetris\Debug\Server.exe
C:\Users\Administrator\Desktop\NetGameTetris000\NetGameTetris000\NetGameTetris\Debug\Server.ilk
